Jun 06, 2018 10:16:07 AM org.apache.catalina.startup.VersionLoggerListener log
INFO: Server version:        Apache Tomcat/7.0.88
Jun 06, 2018 10:16:07 AM org.apache.catalina.startup.VersionLoggerListener log
INFO: Server built:          May 7 2018 11:12:57 UTC
Jun 06, 2018 10:16:07 AM org.apache.catalina.startup.VersionLoggerListener log
INFO: Server number:         7.0.88.0
Jun 06, 2018 10:16:07 AM org.apache.catalina.startup.VersionLoggerListener log
INFO: OS Name:               Linux
Jun 06, 2018 10:16:07 AM org.apache.catalina.startup.VersionLoggerListener log
INFO: OS Version:            3.10.0-862.3.2.el7.x86_64
Jun 06, 2018 10:16:07 AM org.apache.catalina.startup.VersionLoggerListener log
INFO: Architecture:          amd64
Jun 06, 2018 10:16:07 AM org.apache.catalina.startup.VersionLoggerListener log
INFO: Java Home:             /usr/lib/jvm/java-1.8.0-openjdk-1.8.0.171-8.b10.el7_5.x86_64/jre
Jun 06, 2018 10:16:07 AM org.apache.catalina.startup.VersionLoggerListener log
INFO: JVM Version:           1.8.0_171-b10
Jun 06, 2018 10:16:07 AM org.apache.catalina.startup.VersionLoggerListener log
INFO: JVM Vendor:            Oracle Corporation
Jun 06, 2018 10:16:07 AM org.apache.catalina.startup.VersionLoggerListener log
INFO: CATALINA_BASE:         /home/deepikamarathi493/test1/apache-tomcat-7.0.88
Jun 06, 2018 10:16:07 AM org.apache.catalina.startup.VersionLoggerListener log
INFO: CATALINA_HOME:         /home/deepikamarathi493/test1/apache-tomcat-7.0.88
Jun 06, 2018 10:16:07 AM org.apache.catalina.startup.VersionLoggerListener log
INFO: Command line argument: -Djava.util.logging.config.file=/home/deepikamarathi493/test1/apache-tomcat-7.0.88/conf/logging.properties
Jun 06, 2018 10:16:07 AM org.apache.catalina.startup.VersionLoggerListener log
INFO: Command line argument: -Djava.util.logging.manager=org.apache.juli.ClassLoaderLogManager
Jun 06, 2018 10:16:07 AM org.apache.catalina.startup.VersionLoggerListener log
INFO: Command line argument: -Djdk.tls.ephemeralDHKeySize=2048
Jun 06, 2018 10:16:07 AM org.apache.catalina.startup.VersionLoggerListener log
INFO: Command line argument: -Dignore.endorsed.dirs=
Jun 06, 2018 10:16:07 AM org.apache.catalina.startup.VersionLoggerListener log
INFO: Command line argument: -Dcatalina.base=/home/deepikamarathi493/test1/apache-tomcat-7.0.88
Jun 06, 2018 10:16:07 AM org.apache.catalina.startup.VersionLoggerListener log
INFO: Command line argument: -Dcatalina.home=/home/deepikamarathi493/test1/apache-tomcat-7.0.88
Jun 06, 2018 10:16:07 AM org.apache.catalina.startup.VersionLoggerListener log
INFO: Command line argument: -Djava.io.tmpdir=/home/deepikamarathi493/test1/apache-tomcat-7.0.88/temp
Jun 06, 2018 10:16:07 AM org.apache.catalina.core.AprLifecycleListener lifecycleEvent
INFO: The APR based Apache Tomcat Native library which allows optimal performance in production environments was not found on the java.library.path: /usr/java/packages/lib/amd64:/usr/lib64:/lib64:/lib:/usr/lib
Jun 06, 2018 10:16:07 AM org.apache.coyote.AbstractProtocol init
INFO: Initializing ProtocolHandler ["http-bio-8080"]
Jun 06, 2018 10:16:07 AM org.apache.coyote.AbstractProtocol init
SEVERE: Failed to initialize end point associated with ProtocolHandler ["http-bio-8080"]
java.net.BindException: Address already in use (Bind failed) <null>:8080
	at org.apache.tomcat.util.net.JIoEndpoint.bind(JIoEndpoint.java:413)
	at org.apache.tomcat.util.net.AbstractEndpoint.init(AbstractEndpoint.java:728)
	at org.apache.coyote.AbstractProtocol.init(AbstractProtocol.java:452)
	at org.apache.coyote.http11.AbstractHttp11JsseProtocol.init(AbstractHttp11JsseProtocol.java:119)
	at org.apache.catalina.connector.Connector.initInternal(Connector.java:978)
	at org.apache.catalina.util.LifecycleBase.init(LifecycleBase.java:102)
	at org.apache.catalina.core.StandardService.initInternal(StandardService.java:560)
	at org.apache.catalina.util.LifecycleBase.init(LifecycleBase.java:102)
	at org.apache.catalina.core.StandardServer.initInternal(StandardServer.java:840)
	at org.apache.catalina.util.LifecycleBase.init(LifecycleBase.java:102)
	at org.apache.catalina.startup.Catalina.load(Catalina.java:654)
	at org.apache.catalina.startup.Catalina.load(Catalina.java:679)
	at sun.reflect.NativeMethodAccessorImpl.invoke0(Native Method)
	at sun.reflect.NativeMethodAccessorImpl.invoke(NativeMethodAccessorImpl.java:62)
	at sun.reflect.DelegatingMethodAccessorImpl.invoke(DelegatingMethodAccessorImpl.java:43)
	at java.lang.reflect.Method.invoke(Method.java:498)
	at org.apache.catalina.startup.Bootstrap.load(Bootstrap.java:253)
	at org.apache.catalina.startup.Bootstrap.main(Bootstrap.java:427)
Caused by: java.net.BindException: Address already in use (Bind failed)
	at java.net.PlainSocketImpl.socketBind(Native Method)
	at java.net.AbstractPlainSocketImpl.bind(AbstractPlainSocketImpl.java:387)
	at java.net.ServerSocket.bind(ServerSocket.java:375)
	at java.net.ServerSocket.<init>(ServerSocket.java:237)
	at java.net.ServerSocket.<init>(ServerSocket.java:181)
	at org.apache.tomcat.util.net.DefaultServerSocketFactory.createSocket(DefaultServerSocketFactory.java:49)
	at org.apache.tomcat.util.net.JIoEndpoint.bind(JIoEndpoint.java:400)
	... 17 more

Jun 06, 2018 10:16:07 AM org.apache.catalina.core.StandardService initInternal
SEVERE: Failed to initialize connector [Connector[HTTP/1.1-8080]]
org.apache.catalina.LifecycleException: Failed to initialize component [Connector[HTTP/1.1-8080]]
	at org.apache.catalina.util.LifecycleBase.init(LifecycleBase.java:107)
	at org.apache.catalina.core.StandardService.initInternal(StandardService.java:560)
	at org.apache.catalina.util.LifecycleBase.init(LifecycleBase.java:102)
	at org.apache.catalina.core.StandardServer.initInternal(StandardServer.java:840)
	at org.apache.catalina.util.LifecycleBase.init(LifecycleBase.java:102)
	at org.apache.catalina.startup.Catalina.load(Catalina.java:654)
	at org.apache.catalina.startup.Catalina.load(Catalina.java:679)
	at sun.reflect.NativeMethodAccessorImpl.invoke0(Native Method)
	at sun.reflect.NativeMethodAccessorImpl.invoke(NativeMethodAccessorImpl.java:62)
	at sun.reflect.DelegatingMethodAccessorImpl.invoke(DelegatingMethodAccessorImpl.java:43)
	at java.lang.reflect.Method.invoke(Method.java:498)
	at org.apache.catalina.startup.Bootstrap.load(Bootstrap.java:253)
	at org.apache.catalina.startup.Bootstrap.main(Bootstrap.java:427)
Caused by: org.apache.catalina.LifecycleException: Protocol handler initialization failed
	at org.apache.catalina.connector.Connector.initInternal(Connector.java:980)
	at org.apache.catalina.util.LifecycleBase.init(LifecycleBase.java:102)
	... 12 more
Caused by: java.net.BindException: Address already in use (Bind failed) <null>:8080
	at org.apache.tomcat.util.net.JIoEndpoint.bind(JIoEndpoint.java:413)
	at org.apache.tomcat.util.net.AbstractEndpoint.init(AbstractEndpoint.java:728)
	at org.apache.coyote.AbstractProtocol.init(AbstractProtocol.java:452)
	at org.apache.coyote.http11.AbstractHttp11JsseProtocol.init(AbstractHttp11JsseProtocol.java:119)
	at org.apache.catalina.connector.Connector.initInternal(Connector.java:978)
	... 13 more
Caused by: java.net.BindException: Address already in use (Bind failed)
	at java.net.PlainSocketImpl.socketBind(Native Method)
	at java.net.AbstractPlainSocketImpl.bind(AbstractPlainSocketImpl.java:387)
	at java.net.ServerSocket.bind(ServerSocket.java:375)
	at java.net.ServerSocket.<init>(ServerSocket.java:237)
	at java.net.ServerSocket.<init>(ServerSocket.java:181)
	at org.apache.tomcat.util.net.DefaultServerSocketFactory.createSocket(DefaultServerSocketFactory.java:49)
	at org.apache.tomcat.util.net.JIoEndpoint.bind(JIoEndpoint.java:400)
	... 17 more

Jun 06, 2018 10:16:07 AM org.apache.coyote.AbstractProtocol init
INFO: Initializing ProtocolHandler ["ajp-bio-8009"]
Jun 06, 2018 10:16:07 AM org.apache.catalina.startup.Catalina load
INFO: Initialization processed in 1021 ms
Jun 06, 2018 10:16:07 AM org.apache.catalina.core.StandardService startInternal
INFO: Starting service Catalina
Jun 06, 2018 10:16:07 AM org.apache.catalina.core.StandardEngine startInternal
INFO: Starting Servlet Engine: Apache Tomcat/7.0.88
Jun 06, 2018 10:16:07 AM org.apache.catalina.startup.HostConfig deployDirectory
INFO: Deploying web application directory /home/deepikamarathi493/test1/apache-tomcat-7.0.88/webapps/ROOT
Jun 06, 2018 10:16:08 AM org.apache.catalina.startup.HostConfig deployDirectory
INFO: Deployment of web application directory /home/deepikamarathi493/test1/apache-tomcat-7.0.88/webapps/ROOT has finished in 542 ms
Jun 06, 2018 10:16:08 AM org.apache.catalina.startup.HostConfig deployDirectory
INFO: Deploying web application directory /home/deepikamarathi493/test1/apache-tomcat-7.0.88/webapps/docs
Jun 06, 2018 10:16:08 AM org.apache.catalina.startup.HostConfig deployDirectory
INFO: Deployment of web application directory /home/deepikamarathi493/test1/apache-tomcat-7.0.88/webapps/docs has finished in 91 ms
Jun 06, 2018 10:16:08 AM org.apache.catalina.startup.HostConfig deployDirectory
INFO: Deploying web application directory /home/deepikamarathi493/test1/apache-tomcat-7.0.88/webapps/examples
Jun 06, 2018 10:16:08 AM org.apache.catalina.startup.HostConfig deployDirectory
INFO: Deployment of web application directory /home/deepikamarathi493/test1/apache-tomcat-7.0.88/webapps/examples has finished in 391 ms
Jun 06, 2018 10:16:08 AM org.apache.catalina.startup.HostConfig deployDirectory
INFO: Deploying web application directory /home/deepikamarathi493/test1/apache-tomcat-7.0.88/webapps/host-manager
Jun 06, 2018 10:16:08 AM org.apache.catalina.startup.HostConfig deployDirectory
INFO: Deployment of web application directory /home/deepikamarathi493/test1/apache-tomcat-7.0.88/webapps/host-manager has finished in 222 ms
Jun 06, 2018 10:16:08 AM org.apache.catalina.startup.HostConfig deployDirectory
INFO: Deploying web application directory /home/deepikamarathi493/test1/apache-tomcat-7.0.88/webapps/manager
Jun 06, 2018 10:16:09 AM org.apache.catalina.startup.HostConfig deployDirectory
INFO: Deployment of web application directory /home/deepikamarathi493/test1/apache-tomcat-7.0.88/webapps/manager has finished in 87 ms
Jun 06, 2018 10:16:09 AM org.apache.coyote.AbstractProtocol start
INFO: Starting ProtocolHandler ["ajp-bio-8009"]
Jun 06, 2018 10:16:09 AM org.apache.catalina.startup.Catalina start
INFO: Server startup in 1538 ms
Jun 06, 2018 10:17:00 AM org.apache.catalina.core.StandardServer await
INFO: A valid shutdown command was received via the shutdown port. Stopping the Server instance.
Jun 06, 2018 10:17:00 AM org.apache.coyote.AbstractProtocol pause
INFO: Pausing ProtocolHandler ["http-bio-8080"]
Jun 06, 2018 10:17:00 AM org.apache.coyote.AbstractProtocol pause
INFO: Pausing ProtocolHandler ["ajp-bio-8009"]
Jun 06, 2018 10:17:00 AM org.apache.catalina.core.StandardService stopInternal
INFO: Stopping service Catalina
Jun 06, 2018 10:17:00 AM org.apache.coyote.AbstractProtocol stop
INFO: Stopping ProtocolHandler ["ajp-bio-8009"]
Jun 06, 2018 10:17:00 AM org.apache.coyote.AbstractProtocol stop
INFO: Stopping ProtocolHandler ["http-bio-8080"]
Jun 06, 2018 10:17:00 AM org.apache.coyote.AbstractProtocol destroy
INFO: Destroying ProtocolHandler ["http-bio-8080"]
Jun 06, 2018 10:17:00 AM org.apache.coyote.AbstractProtocol destroy
INFO: Destroying ProtocolHandler ["ajp-bio-8009"]
Jun 06, 2018 10:17:03 AM org.apache.catalina.startup.VersionLoggerListener log
INFO: Server version:        Apache Tomcat/7.0.88
Jun 06, 2018 10:17:03 AM org.apache.catalina.startup.VersionLoggerListener log
INFO: Server built:          May 7 2018 11:12:57 UTC
Jun 06, 2018 10:17:03 AM org.apache.catalina.startup.VersionLoggerListener log
INFO: Server number:         7.0.88.0
Jun 06, 2018 10:17:03 AM org.apache.catalina.startup.VersionLoggerListener log
INFO: OS Name:               Linux
Jun 06, 2018 10:17:03 AM org.apache.catalina.startup.VersionLoggerListener log
INFO: OS Version:            3.10.0-862.3.2.el7.x86_64
Jun 06, 2018 10:17:03 AM org.apache.catalina.startup.VersionLoggerListener log
INFO: Architecture:          amd64
Jun 06, 2018 10:17:03 AM org.apache.catalina.startup.VersionLoggerListener log
INFO: Java Home:             /usr/lib/jvm/java-1.8.0-openjdk-1.8.0.171-8.b10.el7_5.x86_64/jre
Jun 06, 2018 10:17:03 AM org.apache.catalina.startup.VersionLoggerListener log
INFO: JVM Version:           1.8.0_171-b10
Jun 06, 2018 10:17:03 AM org.apache.catalina.startup.VersionLoggerListener log
INFO: JVM Vendor:            Oracle Corporation
Jun 06, 2018 10:17:03 AM org.apache.catalina.startup.VersionLoggerListener log
INFO: CATALINA_BASE:         /home/deepikamarathi493/test1/apache-tomcat-7.0.88
Jun 06, 2018 10:17:03 AM org.apache.catalina.startup.VersionLoggerListener log
INFO: CATALINA_HOME:         /home/deepikamarathi493/test1/apache-tomcat-7.0.88
Jun 06, 2018 10:17:03 AM org.apache.catalina.startup.VersionLoggerListener log
INFO: Command line argument: -Djava.util.logging.config.file=/home/deepikamarathi493/test1/apache-tomcat-7.0.88/conf/logging.properties
Jun 06, 2018 10:17:03 AM org.apache.catalina.startup.VersionLoggerListener log
INFO: Command line argument: -Djava.util.logging.manager=org.apache.juli.ClassLoaderLogManager
Jun 06, 2018 10:17:03 AM org.apache.catalina.startup.VersionLoggerListener log
INFO: Command line argument: -Djdk.tls.ephemeralDHKeySize=2048
Jun 06, 2018 10:17:03 AM org.apache.catalina.startup.VersionLoggerListener log
INFO: Command line argument: -Dignore.endorsed.dirs=
Jun 06, 2018 10:17:03 AM org.apache.catalina.startup.VersionLoggerListener log
INFO: Command line argument: -Dcatalina.base=/home/deepikamarathi493/test1/apache-tomcat-7.0.88
Jun 06, 2018 10:17:03 AM org.apache.catalina.startup.VersionLoggerListener log
INFO: Command line argument: -Dcatalina.home=/home/deepikamarathi493/test1/apache-tomcat-7.0.88
Jun 06, 2018 10:17:03 AM org.apache.catalina.startup.VersionLoggerListener log
INFO: Command line argument: -Djava.io.tmpdir=/home/deepikamarathi493/test1/apache-tomcat-7.0.88/temp
Jun 06, 2018 10:17:03 AM org.apache.catalina.core.AprLifecycleListener lifecycleEvent
INFO: The APR based Apache Tomcat Native library which allows optimal performance in production environments was not found on the java.library.path: /usr/java/packages/lib/amd64:/usr/lib64:/lib64:/lib:/usr/lib
Jun 06, 2018 10:17:03 AM org.apache.coyote.AbstractProtocol init
INFO: Initializing ProtocolHandler ["http-bio-7777"]
Jun 06, 2018 10:17:03 AM org.apache.coyote.AbstractProtocol init
INFO: Initializing ProtocolHandler ["ajp-bio-8009"]
Jun 06, 2018 10:17:03 AM org.apache.catalina.startup.Catalina load
INFO: Initialization processed in 994 ms
Jun 06, 2018 10:17:03 AM org.apache.catalina.core.StandardService startInternal
INFO: Starting service Catalina
Jun 06, 2018 10:17:03 AM org.apache.catalina.core.StandardEngine startInternal
INFO: Starting Servlet Engine: Apache Tomcat/7.0.88
Jun 06, 2018 10:17:03 AM org.apache.catalina.startup.HostConfig deployDirectory
INFO: Deploying web application directory /home/deepikamarathi493/test1/apache-tomcat-7.0.88/webapps/ROOT
Jun 06, 2018 10:17:04 AM org.apache.catalina.startup.HostConfig deployDirectory
INFO: Deployment of web application directory /home/deepikamarathi493/test1/apache-tomcat-7.0.88/webapps/ROOT has finished in 564 ms
Jun 06, 2018 10:17:04 AM org.apache.catalina.startup.HostConfig deployDirectory
INFO: Deploying web application directory /home/deepikamarathi493/test1/apache-tomcat-7.0.88/webapps/docs
Jun 06, 2018 10:17:04 AM org.apache.catalina.startup.HostConfig deployDirectory
INFO: Deployment of web application directory /home/deepikamarathi493/test1/apache-tomcat-7.0.88/webapps/docs has finished in 131 ms
Jun 06, 2018 10:17:04 AM org.apache.catalina.startup.HostConfig deployDirectory
INFO: Deploying web application directory /home/deepikamarathi493/test1/apache-tomcat-7.0.88/webapps/examples
Jun 06, 2018 10:17:05 AM org.apache.catalina.startup.HostConfig deployDirectory
INFO: Deployment of web application directory /home/deepikamarathi493/test1/apache-tomcat-7.0.88/webapps/examples has finished in 423 ms
Jun 06, 2018 10:17:05 AM org.apache.catalina.startup.HostConfig deployDirectory
INFO: Deploying web application directory /home/deepikamarathi493/test1/apache-tomcat-7.0.88/webapps/host-manager
Jun 06, 2018 10:17:05 AM org.apache.catalina.startup.HostConfig deployDirectory
INFO: Deployment of web application directory /home/deepikamarathi493/test1/apache-tomcat-7.0.88/webapps/host-manager has finished in 218 ms
Jun 06, 2018 10:17:05 AM org.apache.catalina.startup.HostConfig deployDirectory
INFO: Deploying web application directory /home/deepikamarathi493/test1/apache-tomcat-7.0.88/webapps/manager
Jun 06, 2018 10:17:05 AM org.apache.catalina.startup.HostConfig deployDirectory
INFO: Deployment of web application directory /home/deepikamarathi493/test1/apache-tomcat-7.0.88/webapps/manager has finished in 81 ms
Jun 06, 2018 10:17:05 AM org.apache.coyote.AbstractProtocol start
INFO: Starting ProtocolHandler ["http-bio-7777"]
Jun 06, 2018 10:17:05 AM org.apache.coyote.AbstractProtocol start
INFO: Starting ProtocolHandler ["ajp-bio-8009"]
Jun 06, 2018 10:17:05 AM org.apache.catalina.startup.Catalina start
INFO: Server startup in 1597 ms
Jun 06, 2018 10:25:26 AM org.apache.catalina.core.StandardServer await
INFO: A valid shutdown command was received via the shutdown port. Stopping the Server instance.
Jun 06, 2018 10:25:26 AM org.apache.coyote.AbstractProtocol pause
INFO: Pausing ProtocolHandler ["http-bio-7777"]
Jun 06, 2018 10:25:26 AM org.apache.coyote.AbstractProtocol pause
INFO: Pausing ProtocolHandler ["ajp-bio-8009"]
Jun 06, 2018 10:25:26 AM org.apache.catalina.core.StandardService stopInternal
INFO: Stopping service Catalina
Jun 06, 2018 10:25:26 AM org.apache.coyote.AbstractProtocol stop
INFO: Stopping ProtocolHandler ["http-bio-7777"]
Jun 06, 2018 10:25:26 AM org.apache.coyote.AbstractProtocol stop
INFO: Stopping ProtocolHandler ["ajp-bio-8009"]
Jun 06, 2018 10:25:26 AM org.apache.coyote.AbstractProtocol destroy
INFO: Destroying ProtocolHandler ["http-bio-7777"]
Jun 06, 2018 10:25:26 AM org.apache.coyote.AbstractProtocol destroy
INFO: Destroying ProtocolHandler ["ajp-bio-8009"]
Jun 06, 2018 10:25:35 AM org.apache.catalina.startup.VersionLoggerListener log
INFO: Server version:        Apache Tomcat/7.0.88
Jun 06, 2018 10:25:35 AM org.apache.catalina.startup.VersionLoggerListener log
INFO: Server built:          May 7 2018 11:12:57 UTC
Jun 06, 2018 10:25:35 AM org.apache.catalina.startup.VersionLoggerListener log
INFO: Server number:         7.0.88.0
Jun 06, 2018 10:25:35 AM org.apache.catalina.startup.VersionLoggerListener log
INFO: OS Name:               Linux
Jun 06, 2018 10:25:35 AM org.apache.catalina.startup.VersionLoggerListener log
INFO: OS Version:            3.10.0-862.3.2.el7.x86_64
Jun 06, 2018 10:25:35 AM org.apache.catalina.startup.VersionLoggerListener log
INFO: Architecture:          amd64
Jun 06, 2018 10:25:35 AM org.apache.catalina.startup.VersionLoggerListener log
INFO: Java Home:             /usr/lib/jvm/java-1.8.0-openjdk-1.8.0.171-8.b10.el7_5.x86_64/jre
Jun 06, 2018 10:25:35 AM org.apache.catalina.startup.VersionLoggerListener log
INFO: JVM Version:           1.8.0_171-b10
Jun 06, 2018 10:25:35 AM org.apache.catalina.startup.VersionLoggerListener log
INFO: JVM Vendor:            Oracle Corporation
Jun 06, 2018 10:25:35 AM org.apache.catalina.startup.VersionLoggerListener log
INFO: CATALINA_BASE:         /home/deepikamarathi493/test1/apache-tomcat-7.0.88
Jun 06, 2018 10:25:35 AM org.apache.catalina.startup.VersionLoggerListener log
INFO: CATALINA_HOME:         /home/deepikamarathi493/test1/apache-tomcat-7.0.88
Jun 06, 2018 10:25:35 AM org.apache.catalina.startup.VersionLoggerListener log
INFO: Command line argument: -Djava.util.logging.config.file=/home/deepikamarathi493/test1/apache-tomcat-7.0.88/conf/logging.properties
Jun 06, 2018 10:25:35 AM org.apache.catalina.startup.VersionLoggerListener log
INFO: Command line argument: -Djava.util.logging.manager=org.apache.juli.ClassLoaderLogManager
Jun 06, 2018 10:25:35 AM org.apache.catalina.startup.VersionLoggerListener log
INFO: Command line argument: -Djdk.tls.ephemeralDHKeySize=2048
Jun 06, 2018 10:25:35 AM org.apache.catalina.startup.VersionLoggerListener log
INFO: Command line argument: -Dignore.endorsed.dirs=
Jun 06, 2018 10:25:35 AM org.apache.catalina.startup.VersionLoggerListener log
INFO: Command line argument: -Dcatalina.base=/home/deepikamarathi493/test1/apache-tomcat-7.0.88
Jun 06, 2018 10:25:35 AM org.apache.catalina.startup.VersionLoggerListener log
INFO: Command line argument: -Dcatalina.home=/home/deepikamarathi493/test1/apache-tomcat-7.0.88
Jun 06, 2018 10:25:35 AM org.apache.catalina.startup.VersionLoggerListener log
INFO: Command line argument: -Djava.io.tmpdir=/home/deepikamarathi493/test1/apache-tomcat-7.0.88/temp
Jun 06, 2018 10:25:35 AM org.apache.catalina.core.AprLifecycleListener lifecycleEvent
INFO: The APR based Apache Tomcat Native library which allows optimal performance in production environments was not found on the java.library.path: /usr/java/packages/lib/amd64:/usr/lib64:/lib64:/lib:/usr/lib
Jun 06, 2018 10:25:35 AM org.apache.coyote.AbstractProtocol init
INFO: Initializing ProtocolHandler ["http-bio-7777"]
Jun 06, 2018 10:25:35 AM org.apache.coyote.AbstractProtocol init
INFO: Initializing ProtocolHandler ["ajp-bio-8009"]
Jun 06, 2018 10:25:35 AM org.apache.catalina.startup.Catalina load
INFO: Initialization processed in 994 ms
Jun 06, 2018 10:25:35 AM org.apache.catalina.core.StandardService startInternal
INFO: Starting service Catalina
Jun 06, 2018 10:25:35 AM org.apache.catalina.core.StandardEngine startInternal
INFO: Starting Servlet Engine: Apache Tomcat/7.0.88
Jun 06, 2018 10:25:35 AM org.apache.catalina.startup.HostConfig deployDirectory
INFO: Deploying web application directory /home/deepikamarathi493/test1/apache-tomcat-7.0.88/webapps/ROOT
Jun 06, 2018 10:25:36 AM org.apache.catalina.startup.HostConfig deployDirectory
INFO: Deployment of web application directory /home/deepikamarathi493/test1/apache-tomcat-7.0.88/webapps/ROOT has finished in 544 ms
Jun 06, 2018 10:25:36 AM org.apache.catalina.startup.HostConfig deployDirectory
INFO: Deploying web application directory /home/deepikamarathi493/test1/apache-tomcat-7.0.88/webapps/docs
Jun 06, 2018 10:25:36 AM org.apache.catalina.startup.HostConfig deployDirectory
INFO: Deployment of web application directory /home/deepikamarathi493/test1/apache-tomcat-7.0.88/webapps/docs has finished in 113 ms
Jun 06, 2018 10:25:36 AM org.apache.catalina.startup.HostConfig deployDirectory
INFO: Deploying web application directory /home/deepikamarathi493/test1/apache-tomcat-7.0.88/webapps/examples
Jun 06, 2018 10:25:36 AM org.apache.catalina.startup.HostConfig deployDirectory
INFO: Deployment of web application directory /home/deepikamarathi493/test1/apache-tomcat-7.0.88/webapps/examples has finished in 451 ms
Jun 06, 2018 10:25:36 AM org.apache.catalina.startup.HostConfig deployDirectory
INFO: Deploying web application directory /home/deepikamarathi493/test1/apache-tomcat-7.0.88/webapps/host-manager
Jun 06, 2018 10:25:36 AM org.apache.catalina.startup.HostConfig deployDirectory
INFO: Deployment of web application directory /home/deepikamarathi493/test1/apache-tomcat-7.0.88/webapps/host-manager has finished in 210 ms
Jun 06, 2018 10:25:36 AM org.apache.catalina.startup.HostConfig deployDirectory
INFO: Deploying web application directory /home/deepikamarathi493/test1/apache-tomcat-7.0.88/webapps/manager
Jun 06, 2018 10:25:36 AM org.apache.catalina.startup.HostConfig deployDirectory
INFO: Deployment of web application directory /home/deepikamarathi493/test1/apache-tomcat-7.0.88/webapps/manager has finished in 105 ms
Jun 06, 2018 10:25:36 AM org.apache.coyote.AbstractProtocol start
INFO: Starting ProtocolHandler ["http-bio-7777"]
Jun 06, 2018 10:25:36 AM org.apache.coyote.AbstractProtocol start
INFO: Starting ProtocolHandler ["ajp-bio-8009"]
Jun 06, 2018 10:25:37 AM org.apache.catalina.startup.Catalina start
INFO: Server startup in 1627 ms
Jun 06, 2018 11:49:39 AM org.apache.catalina.core.StandardServer await
INFO: A valid shutdown command was received via the shutdown port. Stopping the Server instance.
Jun 06, 2018 11:49:39 AM org.apache.coyote.AbstractProtocol pause
INFO: Pausing ProtocolHandler ["http-bio-7777"]
Jun 06, 2018 11:49:39 AM org.apache.coyote.AbstractProtocol pause
INFO: Pausing ProtocolHandler ["ajp-bio-8009"]
Jun 06, 2018 11:49:39 AM org.apache.catalina.core.StandardService stopInternal
INFO: Stopping service Catalina
Jun 06, 2018 11:49:39 AM org.apache.coyote.AbstractProtocol stop
INFO: Stopping ProtocolHandler ["http-bio-7777"]
Jun 06, 2018 11:49:39 AM org.apache.coyote.AbstractProtocol stop
INFO: Stopping ProtocolHandler ["ajp-bio-8009"]
Jun 06, 2018 11:49:39 AM org.apache.coyote.AbstractProtocol destroy
INFO: Destroying ProtocolHandler ["http-bio-7777"]
Jun 06, 2018 11:49:39 AM org.apache.coyote.AbstractProtocol destroy
INFO: Destroying ProtocolHandler ["ajp-bio-8009"]
Jun 06, 2018 11:49:42 AM org.apache.catalina.startup.VersionLoggerListener log
INFO: Server version:        Apache Tomcat/7.0.88
Jun 06, 2018 11:49:42 AM org.apache.catalina.startup.VersionLoggerListener log
INFO: Server built:          May 7 2018 11:12:57 UTC
Jun 06, 2018 11:49:42 AM org.apache.catalina.startup.VersionLoggerListener log
INFO: Server number:         7.0.88.0
Jun 06, 2018 11:49:42 AM org.apache.catalina.startup.VersionLoggerListener log
INFO: OS Name:               Linux
Jun 06, 2018 11:49:42 AM org.apache.catalina.startup.VersionLoggerListener log
INFO: OS Version:            3.10.0-862.3.2.el7.x86_64
Jun 06, 2018 11:49:42 AM org.apache.catalina.startup.VersionLoggerListener log
INFO: Architecture:          amd64
Jun 06, 2018 11:49:42 AM org.apache.catalina.startup.VersionLoggerListener log
INFO: Java Home:             /usr/lib/jvm/java-1.8.0-openjdk-1.8.0.171-8.b10.el7_5.x86_64/jre
Jun 06, 2018 11:49:42 AM org.apache.catalina.startup.VersionLoggerListener log
INFO: JVM Version:           1.8.0_171-b10
Jun 06, 2018 11:49:42 AM org.apache.catalina.startup.VersionLoggerListener log
INFO: JVM Vendor:            Oracle Corporation
Jun 06, 2018 11:49:42 AM org.apache.catalina.startup.VersionLoggerListener log
INFO: CATALINA_BASE:         /home/deepikamarathi493/test1/apache-tomcat-7.0.88
Jun 06, 2018 11:49:42 AM org.apache.catalina.startup.VersionLoggerListener log
INFO: CATALINA_HOME:         /home/deepikamarathi493/test1/apache-tomcat-7.0.88
Jun 06, 2018 11:49:42 AM org.apache.catalina.startup.VersionLoggerListener log
INFO: Command line argument: -Djava.util.logging.config.file=/home/deepikamarathi493/test1/apache-tomcat-7.0.88/conf/logging.properties
Jun 06, 2018 11:49:42 AM org.apache.catalina.startup.VersionLoggerListener log
INFO: Command line argument: -Djava.util.logging.manager=org.apache.juli.ClassLoaderLogManager
Jun 06, 2018 11:49:42 AM org.apache.catalina.startup.VersionLoggerListener log
INFO: Command line argument: -Djdk.tls.ephemeralDHKeySize=2048
Jun 06, 2018 11:49:42 AM org.apache.catalina.startup.VersionLoggerListener log
INFO: Command line argument: -Dignore.endorsed.dirs=
Jun 06, 2018 11:49:42 AM org.apache.catalina.startup.VersionLoggerListener log
INFO: Command line argument: -Dcatalina.base=/home/deepikamarathi493/test1/apache-tomcat-7.0.88
Jun 06, 2018 11:49:42 AM org.apache.catalina.startup.VersionLoggerListener log
INFO: Command line argument: -Dcatalina.home=/home/deepikamarathi493/test1/apache-tomcat-7.0.88
Jun 06, 2018 11:49:42 AM org.apache.catalina.startup.VersionLoggerListener log
INFO: Command line argument: -Djava.io.tmpdir=/home/deepikamarathi493/test1/apache-tomcat-7.0.88/temp
Jun 06, 2018 11:49:42 AM org.apache.catalina.core.AprLifecycleListener lifecycleEvent
INFO: The APR based Apache Tomcat Native library which allows optimal performance in production environments was not found on the java.library.path: /usr/java/packages/lib/amd64:/usr/lib64:/lib64:/lib:/usr/lib
Jun 06, 2018 11:49:42 AM org.apache.coyote.AbstractProtocol init
INFO: Initializing ProtocolHandler ["http-bio-7777"]
Jun 06, 2018 11:49:42 AM org.apache.coyote.AbstractProtocol init
INFO: Initializing ProtocolHandler ["ajp-bio-8009"]
Jun 06, 2018 11:49:42 AM org.apache.catalina.startup.Catalina load
INFO: Initialization processed in 995 ms
Jun 06, 2018 11:49:42 AM org.apache.catalina.core.StandardService startInternal
INFO: Starting service Catalina
Jun 06, 2018 11:49:42 AM org.apache.catalina.core.StandardEngine startInternal
INFO: Starting Servlet Engine: Apache Tomcat/7.0.88
Jun 06, 2018 11:49:42 AM org.apache.catalina.startup.HostConfig deployDirectory
INFO: Deploying web application directory /home/deepikamarathi493/test1/apache-tomcat-7.0.88/webapps/ROOT
Jun 06, 2018 11:49:43 AM org.apache.catalina.startup.HostConfig deployDirectory
INFO: Deployment of web application directory /home/deepikamarathi493/test1/apache-tomcat-7.0.88/webapps/ROOT has finished in 501 ms
Jun 06, 2018 11:49:43 AM org.apache.catalina.startup.HostConfig deployDirectory
INFO: Deploying web application directory /home/deepikamarathi493/test1/apache-tomcat-7.0.88/webapps/docs
Jun 06, 2018 11:49:43 AM org.apache.catalina.startup.HostConfig deployDirectory
INFO: Deployment of web application directory /home/deepikamarathi493/test1/apache-tomcat-7.0.88/webapps/docs has finished in 122 ms
Jun 06, 2018 11:49:43 AM org.apache.catalina.startup.HostConfig deployDirectory
INFO: Deploying web application directory /home/deepikamarathi493/test1/apache-tomcat-7.0.88/webapps/examples
Jun 06, 2018 11:49:43 AM org.apache.catalina.startup.HostConfig deployDirectory
INFO: Deployment of web application directory /home/deepikamarathi493/test1/apache-tomcat-7.0.88/webapps/examples has finished in 435 ms
Jun 06, 2018 11:49:43 AM org.apache.catalina.startup.HostConfig deployDirectory
INFO: Deploying web application directory /home/deepikamarathi493/test1/apache-tomcat-7.0.88/webapps/host-manager
Jun 06, 2018 11:49:43 AM org.apache.catalina.startup.HostConfig deployDirectory
INFO: Deployment of web application directory /home/deepikamarathi493/test1/apache-tomcat-7.0.88/webapps/host-manager has finished in 171 ms
Jun 06, 2018 11:49:43 AM org.apache.catalina.startup.HostConfig deployDirectory
INFO: Deploying web application directory /home/deepikamarathi493/test1/apache-tomcat-7.0.88/webapps/manager
Jun 06, 2018 11:49:43 AM org.apache.catalina.startup.HostConfig deployDirectory
INFO: Deployment of web application directory /home/deepikamarathi493/test1/apache-tomcat-7.0.88/webapps/manager has finished in 89 ms
Jun 06, 2018 11:49:43 AM org.apache.coyote.AbstractProtocol start
INFO: Starting ProtocolHandler ["http-bio-7777"]
Jun 06, 2018 11:49:43 AM org.apache.coyote.AbstractProtocol start
INFO: Starting ProtocolHandler ["ajp-bio-8009"]
Jun 06, 2018 11:49:43 AM org.apache.catalina.startup.Catalina start
INFO: Server startup in 1481 ms
Jun 06, 2018 11:59:41 AM org.apache.catalina.core.StandardServer await
INFO: A valid shutdown command was received via the shutdown port. Stopping the Server instance.
Jun 06, 2018 11:59:41 AM org.apache.coyote.AbstractProtocol pause
INFO: Pausing ProtocolHandler ["http-bio-7777"]
Jun 06, 2018 11:59:41 AM org.apache.coyote.AbstractProtocol pause
INFO: Pausing ProtocolHandler ["ajp-bio-8009"]
Jun 06, 2018 11:59:41 AM org.apache.catalina.core.StandardService stopInternal
INFO: Stopping service Catalina
Jun 06, 2018 11:59:41 AM org.apache.coyote.AbstractProtocol stop
INFO: Stopping ProtocolHandler ["http-bio-7777"]
Jun 06, 2018 11:59:41 AM org.apache.coyote.AbstractProtocol stop
INFO: Stopping ProtocolHandler ["ajp-bio-8009"]
Jun 06, 2018 11:59:41 AM org.apache.coyote.AbstractProtocol destroy
INFO: Destroying ProtocolHandler ["http-bio-7777"]
Jun 06, 2018 11:59:41 AM org.apache.coyote.AbstractProtocol destroy
INFO: Destroying ProtocolHandler ["ajp-bio-8009"]
Jun 06, 2018 11:59:45 AM org.apache.catalina.startup.VersionLoggerListener log
INFO: Server version:        Apache Tomcat/7.0.88
Jun 06, 2018 11:59:45 AM org.apache.catalina.startup.VersionLoggerListener log
INFO: Server built:          May 7 2018 11:12:57 UTC
Jun 06, 2018 11:59:45 AM org.apache.catalina.startup.VersionLoggerListener log
INFO: Server number:         7.0.88.0
Jun 06, 2018 11:59:45 AM org.apache.catalina.startup.VersionLoggerListener log
INFO: OS Name:               Linux
Jun 06, 2018 11:59:45 AM org.apache.catalina.startup.VersionLoggerListener log
INFO: OS Version:            3.10.0-862.3.2.el7.x86_64
Jun 06, 2018 11:59:45 AM org.apache.catalina.startup.VersionLoggerListener log
INFO: Architecture:          amd64
Jun 06, 2018 11:59:45 AM org.apache.catalina.startup.VersionLoggerListener log
INFO: Java Home:             /usr/lib/jvm/java-1.8.0-openjdk-1.8.0.171-8.b10.el7_5.x86_64/jre
Jun 06, 2018 11:59:45 AM org.apache.catalina.startup.VersionLoggerListener log
INFO: JVM Version:           1.8.0_171-b10
Jun 06, 2018 11:59:45 AM org.apache.catalina.startup.VersionLoggerListener log
INFO: JVM Vendor:            Oracle Corporation
Jun 06, 2018 11:59:45 AM org.apache.catalina.startup.VersionLoggerListener log
INFO: CATALINA_BASE:         /home/deepikamarathi493/test1/apache-tomcat-7.0.88
Jun 06, 2018 11:59:45 AM org.apache.catalina.startup.VersionLoggerListener log
INFO: CATALINA_HOME:         /home/deepikamarathi493/test1/apache-tomcat-7.0.88
Jun 06, 2018 11:59:45 AM org.apache.catalina.startup.VersionLoggerListener log
INFO: Command line argument: -Djava.util.logging.config.file=/home/deepikamarathi493/test1/apache-tomcat-7.0.88/conf/logging.properties
Jun 06, 2018 11:59:45 AM org.apache.catalina.startup.VersionLoggerListener log
INFO: Command line argument: -Djava.util.logging.manager=org.apache.juli.ClassLoaderLogManager
Jun 06, 2018 11:59:45 AM org.apache.catalina.startup.VersionLoggerListener log
INFO: Command line argument: -Djdk.tls.ephemeralDHKeySize=2048
Jun 06, 2018 11:59:45 AM org.apache.catalina.startup.VersionLoggerListener log
INFO: Command line argument: -Dignore.endorsed.dirs=
Jun 06, 2018 11:59:45 AM org.apache.catalina.startup.VersionLoggerListener log
INFO: Command line argument: -Dcatalina.base=/home/deepikamarathi493/test1/apache-tomcat-7.0.88
Jun 06, 2018 11:59:45 AM org.apache.catalina.startup.VersionLoggerListener log
INFO: Command line argument: -Dcatalina.home=/home/deepikamarathi493/test1/apache-tomcat-7.0.88
Jun 06, 2018 11:59:45 AM org.apache.catalina.startup.VersionLoggerListener log
INFO: Command line argument: -Djava.io.tmpdir=/home/deepikamarathi493/test1/apache-tomcat-7.0.88/temp
Jun 06, 2018 11:59:45 AM org.apache.catalina.core.AprLifecycleListener lifecycleEvent
INFO: The APR based Apache Tomcat Native library which allows optimal performance in production environments was not found on the java.library.path: /usr/java/packages/lib/amd64:/usr/lib64:/lib64:/lib:/usr/lib
Jun 06, 2018 11:59:45 AM org.apache.coyote.AbstractProtocol init
INFO: Initializing ProtocolHandler ["http-bio-7777"]
Jun 06, 2018 11:59:45 AM org.apache.coyote.AbstractProtocol init
INFO: Initializing ProtocolHandler ["ajp-bio-8009"]
Jun 06, 2018 11:59:45 AM org.apache.catalina.startup.Catalina load
INFO: Initialization processed in 980 ms
Jun 06, 2018 11:59:45 AM org.apache.catalina.core.StandardService startInternal
INFO: Starting service Catalina
Jun 06, 2018 11:59:45 AM org.apache.catalina.core.StandardEngine startInternal
INFO: Starting Servlet Engine: Apache Tomcat/7.0.88
Jun 06, 2018 11:59:45 AM org.apache.catalina.startup.HostConfig deployDirectory
INFO: Deploying web application directory /home/deepikamarathi493/test1/apache-tomcat-7.0.88/webapps/ROOT
Jun 06, 2018 11:59:46 AM org.apache.catalina.startup.HostConfig deployDirectory
INFO: Deployment of web application directory /home/deepikamarathi493/test1/apache-tomcat-7.0.88/webapps/ROOT has finished in 566 ms
Jun 06, 2018 11:59:46 AM org.apache.catalina.startup.HostConfig deployDirectory
INFO: Deploying web application directory /home/deepikamarathi493/test1/apache-tomcat-7.0.88/webapps/docs
Jun 06, 2018 11:59:46 AM org.apache.catalina.startup.HostConfig deployDirectory
INFO: Deployment of web application directory /home/deepikamarathi493/test1/apache-tomcat-7.0.88/webapps/docs has finished in 100 ms
Jun 06, 2018 11:59:46 AM org.apache.catalina.startup.HostConfig deployDirectory
INFO: Deploying web application directory /home/deepikamarathi493/test1/apache-tomcat-7.0.88/webapps/examples
Jun 06, 2018 11:59:47 AM org.apache.catalina.startup.HostConfig deployDirectory
INFO: Deployment of web application directory /home/deepikamarathi493/test1/apache-tomcat-7.0.88/webapps/examples has finished in 415 ms
Jun 06, 2018 11:59:47 AM org.apache.catalina.startup.HostConfig deployDirectory
INFO: Deploying web application directory /home/deepikamarathi493/test1/apache-tomcat-7.0.88/webapps/host-manager
Jun 06, 2018 11:59:47 AM org.apache.catalina.startup.HostConfig deployDirectory
INFO: Deployment of web application directory /home/deepikamarathi493/test1/apache-tomcat-7.0.88/webapps/host-manager has finished in 207 ms
Jun 06, 2018 11:59:47 AM org.apache.catalina.startup.HostConfig deployDirectory
INFO: Deploying web application directory /home/deepikamarathi493/test1/apache-tomcat-7.0.88/webapps/manager
Jun 06, 2018 11:59:47 AM org.apache.catalina.startup.HostConfig deployDirectory
INFO: Deployment of web application directory /home/deepikamarathi493/test1/apache-tomcat-7.0.88/webapps/manager has finished in 79 ms
Jun 06, 2018 11:59:47 AM org.apache.coyote.AbstractProtocol start
INFO: Starting ProtocolHandler ["http-bio-7777"]
Jun 06, 2018 11:59:47 AM org.apache.coyote.AbstractProtocol start
INFO: Starting ProtocolHandler ["ajp-bio-8009"]
Jun 06, 2018 11:59:47 AM org.apache.catalina.startup.Catalina start
INFO: Server startup in 1507 ms
Jun 06, 2018 12:04:45 PM org.apache.coyote.AbstractProtocol pause
INFO: Pausing ProtocolHandler ["http-bio-7777"]
Jun 06, 2018 12:04:45 PM org.apache.coyote.AbstractProtocol pause
INFO: Pausing ProtocolHandler ["ajp-bio-8009"]
Jun 06, 2018 12:04:45 PM org.apache.catalina.core.StandardService stopInternal
INFO: Stopping service Catalina
Jun 06, 2018 12:04:45 PM org.apache.coyote.AbstractProtocol stop
INFO: Stopping ProtocolHandler ["http-bio-7777"]
Jun 06, 2018 12:04:45 PM org.apache.coyote.AbstractProtocol stop
INFO: Stopping ProtocolHandler ["ajp-bio-8009"]
Jun 06, 2018 12:04:45 PM org.apache.coyote.AbstractProtocol destroy
INFO: Destroying ProtocolHandler ["http-bio-7777"]
Jun 06, 2018 12:04:45 PM org.apache.coyote.AbstractProtocol destroy
INFO: Destroying ProtocolHandler ["ajp-bio-8009"]
Jun 07, 2018 7:50:59 AM org.apache.catalina.startup.VersionLoggerListener log
INFO: Server version:        Apache Tomcat/7.0.88
Jun 07, 2018 7:50:59 AM org.apache.catalina.startup.VersionLoggerListener log
INFO: Server built:          May 7 2018 11:12:57 UTC
Jun 07, 2018 7:50:59 AM org.apache.catalina.startup.VersionLoggerListener log
INFO: Server number:         7.0.88.0
Jun 07, 2018 7:50:59 AM org.apache.catalina.startup.VersionLoggerListener log
INFO: OS Name:               Linux
Jun 07, 2018 7:50:59 AM org.apache.catalina.startup.VersionLoggerListener log
INFO: OS Version:            3.10.0-862.3.2.el7.x86_64
Jun 07, 2018 7:50:59 AM org.apache.catalina.startup.VersionLoggerListener log
INFO: Architecture:          amd64
Jun 07, 2018 7:50:59 AM org.apache.catalina.startup.VersionLoggerListener log
INFO: Java Home:             /usr/lib/jvm/java-1.8.0-openjdk-1.8.0.171-8.b10.el7_5.x86_64/jre
Jun 07, 2018 7:50:59 AM org.apache.catalina.startup.VersionLoggerListener log
INFO: JVM Version:           1.8.0_171-b10
Jun 07, 2018 7:50:59 AM org.apache.catalina.startup.VersionLoggerListener log
INFO: JVM Vendor:            Oracle Corporation
Jun 07, 2018 7:50:59 AM org.apache.catalina.startup.VersionLoggerListener log
INFO: CATALINA_BASE:         /home/deepikamarathi493/test1/apache-tomcat-7.0.88
Jun 07, 2018 7:50:59 AM org.apache.catalina.startup.VersionLoggerListener log
INFO: CATALINA_HOME:         /home/deepikamarathi493/test1/apache-tomcat-7.0.88
Jun 07, 2018 7:50:59 AM org.apache.catalina.startup.VersionLoggerListener log
INFO: Command line argument: -Djava.util.logging.config.file=/home/deepikamarathi493/test1/apache-tomcat-7.0.88/conf/logging.properties
Jun 07, 2018 7:50:59 AM org.apache.catalina.startup.VersionLoggerListener log
INFO: Command line argument: -Djava.util.logging.manager=org.apache.juli.ClassLoaderLogManager
Jun 07, 2018 7:50:59 AM org.apache.catalina.startup.VersionLoggerListener log
INFO: Command line argument: -Djdk.tls.ephemeralDHKeySize=2048
Jun 07, 2018 7:50:59 AM org.apache.catalina.startup.VersionLoggerListener log
INFO: Command line argument: -Dignore.endorsed.dirs=
Jun 07, 2018 7:50:59 AM org.apache.catalina.startup.VersionLoggerListener log
INFO: Command line argument: -Dcatalina.base=/home/deepikamarathi493/test1/apache-tomcat-7.0.88
Jun 07, 2018 7:50:59 AM org.apache.catalina.startup.VersionLoggerListener log
INFO: Command line argument: -Dcatalina.home=/home/deepikamarathi493/test1/apache-tomcat-7.0.88
Jun 07, 2018 7:50:59 AM org.apache.catalina.startup.VersionLoggerListener log
INFO: Command line argument: -Djava.io.tmpdir=/home/deepikamarathi493/test1/apache-tomcat-7.0.88/temp
Jun 07, 2018 7:50:59 AM org.apache.catalina.core.AprLifecycleListener lifecycleEvent
INFO: The APR based Apache Tomcat Native library which allows optimal performance in production environments was not found on the java.library.path: /usr/java/packages/lib/amd64:/usr/lib64:/lib64:/lib:/usr/lib
Jun 07, 2018 7:51:00 AM org.apache.coyote.AbstractProtocol init
INFO: Initializing ProtocolHandler ["http-bio-7777"]
Jun 07, 2018 7:51:00 AM org.apache.coyote.AbstractProtocol init
INFO: Initializing ProtocolHandler ["ajp-bio-8009"]
Jun 07, 2018 7:51:00 AM org.apache.catalina.startup.Catalina load
INFO: Initialization processed in 1103 ms
Jun 07, 2018 7:51:00 AM org.apache.catalina.core.StandardService startInternal
INFO: Starting service Catalina
Jun 07, 2018 7:51:00 AM org.apache.catalina.core.StandardEngine startInternal
INFO: Starting Servlet Engine: Apache Tomcat/7.0.88
Jun 07, 2018 7:51:00 AM org.apache.catalina.startup.HostConfig deployDirectory
INFO: Deploying web application directory /home/deepikamarathi493/test1/apache-tomcat-7.0.88/webapps/ROOT
Jun 07, 2018 7:51:00 AM org.apache.catalina.startup.HostConfig deployDirectory
INFO: Deployment of web application directory /home/deepikamarathi493/test1/apache-tomcat-7.0.88/webapps/ROOT has finished in 608 ms
Jun 07, 2018 7:51:00 AM org.apache.catalina.startup.HostConfig deployDirectory
INFO: Deploying web application directory /home/deepikamarathi493/test1/apache-tomcat-7.0.88/webapps/docs
Jun 07, 2018 7:51:00 AM org.apache.catalina.startup.HostConfig deployDirectory
INFO: Deployment of web application directory /home/deepikamarathi493/test1/apache-tomcat-7.0.88/webapps/docs has finished in 139 ms
Jun 07, 2018 7:51:00 AM org.apache.catalina.startup.HostConfig deployDirectory
INFO: Deploying web application directory /home/deepikamarathi493/test1/apache-tomcat-7.0.88/webapps/examples
Jun 07, 2018 7:51:01 AM org.apache.catalina.startup.HostConfig deployDirectory
INFO: Deployment of web application directory /home/deepikamarathi493/test1/apache-tomcat-7.0.88/webapps/examples has finished in 834 ms
Jun 07, 2018 7:51:01 AM org.apache.catalina.startup.HostConfig deployDirectory
INFO: Deploying web application directory /home/deepikamarathi493/test1/apache-tomcat-7.0.88/webapps/host-manager
Jun 07, 2018 7:51:02 AM org.apache.catalina.startup.HostConfig deployDirectory
INFO: Deployment of web application directory /home/deepikamarathi493/test1/apache-tomcat-7.0.88/webapps/host-manager has finished in 372 ms
Jun 07, 2018 7:51:02 AM org.apache.catalina.startup.HostConfig deployDirectory
INFO: Deploying web application directory /home/deepikamarathi493/test1/apache-tomcat-7.0.88/webapps/manager
Jun 07, 2018 7:51:02 AM org.apache.catalina.startup.HostConfig deployDirectory
INFO: Deployment of web application directory /home/deepikamarathi493/test1/apache-tomcat-7.0.88/webapps/manager has finished in 82 ms
Jun 07, 2018 7:51:02 AM org.apache.coyote.AbstractProtocol start
INFO: Starting ProtocolHandler ["http-bio-7777"]
Jun 07, 2018 7:51:02 AM org.apache.coyote.AbstractProtocol start
INFO: Starting ProtocolHandler ["ajp-bio-8009"]
Jun 07, 2018 7:51:02 AM org.apache.catalina.startup.Catalina start
INFO: Server startup in 2292 ms
Jun 07, 2018 9:41:50 AM org.apache.catalina.startup.HostConfig deployWAR
INFO: Deploying web application archive /home/deepikamarathi493/test1/apache-tomcat-7.0.88/webapps/test.war
Jun 07, 2018 9:41:50 AM org.apache.catalina.startup.HostConfig deployWAR
INFO: Deployment of web application archive /home/deepikamarathi493/test1/apache-tomcat-7.0.88/webapps/test.war has finished in 98 ms
Jun 07, 2018 9:41:51 AM org.apache.catalina.startup.HostConfig undeploy
INFO: Undeploying context [/test]
Jun 07, 2018 9:41:51 AM org.apache.catalina.startup.HostConfig deployWAR
INFO: Deploying web application archive /home/deepikamarathi493/test1/apache-tomcat-7.0.88/webapps/test.war
Jun 07, 2018 9:41:51 AM org.apache.catalina.startup.HostConfig deployWAR
INFO: Deployment of web application archive /home/deepikamarathi493/test1/apache-tomcat-7.0.88/webapps/test.war has finished in 75 ms
Jun 07, 2018 9:41:56 AM org.apache.catalina.startup.HostConfig undeploy
INFO: Undeploying context [/test]
Jun 07, 2018 9:41:56 AM org.apache.catalina.startup.HostConfig deployWAR
INFO: Deploying web application archive /home/deepikamarathi493/test1/apache-tomcat-7.0.88/webapps/test.war
Jun 07, 2018 9:41:56 AM org.apache.catalina.startup.HostConfig deployWAR
INFO: Deployment of web application archive /home/deepikamarathi493/test1/apache-tomcat-7.0.88/webapps/test.war has finished in 80 ms
Jun 07, 2018 9:41:57 AM org.apache.catalina.startup.HostConfig undeploy
INFO: Undeploying context [/test]
Jun 07, 2018 9:41:57 AM org.apache.catalina.startup.HostConfig deployWAR
INFO: Deploying web application archive /home/deepikamarathi493/test1/apache-tomcat-7.0.88/webapps/test.war
Jun 07, 2018 9:41:57 AM org.apache.catalina.startup.HostConfig deployWAR
INFO: Deployment of web application archive /home/deepikamarathi493/test1/apache-tomcat-7.0.88/webapps/test.war has finished in 57 ms
Jun 07, 2018 9:49:43 AM org.apache.catalina.startup.HostConfig undeploy
INFO: Undeploying context [/test]
Jun 07, 2018 9:49:43 AM org.apache.catalina.startup.HostConfig deployWAR
INFO: Deploying web application archive /home/deepikamarathi493/test1/apache-tomcat-7.0.88/webapps/test.war
Jun 07, 2018 9:49:43 AM org.apache.catalina.startup.HostConfig deployWAR
INFO: Deployment of web application archive /home/deepikamarathi493/test1/apache-tomcat-7.0.88/webapps/test.war has finished in 84 ms
Jun 07, 2018 9:49:44 AM org.apache.catalina.startup.HostConfig undeploy
INFO: Undeploying context [/test]
Jun 07, 2018 9:49:44 AM org.apache.catalina.startup.HostConfig deployWAR
INFO: Deploying web application archive /home/deepikamarathi493/test1/apache-tomcat-7.0.88/webapps/test.war
Jun 07, 2018 9:49:44 AM org.apache.catalina.startup.HostConfig deployWAR
INFO: Deployment of web application archive /home/deepikamarathi493/test1/apache-tomcat-7.0.88/webapps/test.war has finished in 75 ms
Jun 07, 2018 9:50:17 AM org.apache.catalina.startup.HostConfig undeploy
INFO: Undeploying context [/test]
Jun 07, 2018 9:50:17 AM org.apache.catalina.startup.HostConfig deployWAR
INFO: Deploying web application archive /home/deepikamarathi493/test1/apache-tomcat-7.0.88/webapps/test.war
Jun 07, 2018 9:50:17 AM org.apache.catalina.startup.HostConfig deployWAR
INFO: Deployment of web application archive /home/deepikamarathi493/test1/apache-tomcat-7.0.88/webapps/test.war has finished in 55 ms
Jun 07, 2018 9:50:18 AM org.apache.catalina.startup.HostConfig undeploy
INFO: Undeploying context [/test]
Jun 07, 2018 9:50:18 AM org.apache.catalina.startup.HostConfig deployWAR
INFO: Deploying web application archive /home/deepikamarathi493/test1/apache-tomcat-7.0.88/webapps/test.war
Jun 07, 2018 9:50:18 AM org.apache.catalina.startup.HostConfig deployWAR
INFO: Deployment of web application archive /home/deepikamarathi493/test1/apache-tomcat-7.0.88/webapps/test.war has finished in 74 ms
