Jun 07, 2018 7:50:59 AM org.apache.catalina.startup.VersionLoggerListener log
INFO: Server version:        Apache Tomcat/7.0.88
Jun 07, 2018 7:50:59 AM org.apache.catalina.startup.VersionLoggerListener log
INFO: Server built:          May 7 2018 11:12:57 UTC
Jun 07, 2018 7:50:59 AM org.apache.catalina.startup.VersionLoggerListener log
INFO: Server number:         7.0.88.0
Jun 07, 2018 7:50:59 AM org.apache.catalina.startup.VersionLoggerListener log
INFO: OS Name:               Linux
Jun 07, 2018 7:50:59 AM org.apache.catalina.startup.VersionLoggerListener log
INFO: OS Version:            3.10.0-862.3.2.el7.x86_64
Jun 07, 2018 7:50:59 AM org.apache.catalina.startup.VersionLoggerListener log
INFO: Architecture:          amd64
Jun 07, 2018 7:50:59 AM org.apache.catalina.startup.VersionLoggerListener log
INFO: Java Home:             /usr/lib/jvm/java-1.8.0-openjdk-1.8.0.171-8.b10.el7_5.x86_64/jre
Jun 07, 2018 7:50:59 AM org.apache.catalina.startup.VersionLoggerListener log
INFO: JVM Version:           1.8.0_171-b10
Jun 07, 2018 7:50:59 AM org.apache.catalina.startup.VersionLoggerListener log
INFO: JVM Vendor:            Oracle Corporation
Jun 07, 2018 7:50:59 AM org.apache.catalina.startup.VersionLoggerListener log
INFO: CATALINA_BASE:         /home/deepikamarathi493/test1/apache-tomcat-7.0.88
Jun 07, 2018 7:50:59 AM org.apache.catalina.startup.VersionLoggerListener log
INFO: CATALINA_HOME:         /home/deepikamarathi493/test1/apache-tomcat-7.0.88
Jun 07, 2018 7:50:59 AM org.apache.catalina.startup.VersionLoggerListener log
INFO: Command line argument: -Djava.util.logging.config.file=/home/deepikamarathi493/test1/apache-tomcat-7.0.88/conf/logging.properties
Jun 07, 2018 7:50:59 AM org.apache.catalina.startup.VersionLoggerListener log
INFO: Command line argument: -Djava.util.logging.manager=org.apache.juli.ClassLoaderLogManager
Jun 07, 2018 7:50:59 AM org.apache.catalina.startup.VersionLoggerListener log
INFO: Command line argument: -Djdk.tls.ephemeralDHKeySize=2048
Jun 07, 2018 7:50:59 AM org.apache.catalina.startup.VersionLoggerListener log
INFO: Command line argument: -Dignore.endorsed.dirs=
Jun 07, 2018 7:50:59 AM org.apache.catalina.startup.VersionLoggerListener log
INFO: Command line argument: -Dcatalina.base=/home/deepikamarathi493/test1/apache-tomcat-7.0.88
Jun 07, 2018 7:50:59 AM org.apache.catalina.startup.VersionLoggerListener log
INFO: Command line argument: -Dcatalina.home=/home/deepikamarathi493/test1/apache-tomcat-7.0.88
Jun 07, 2018 7:50:59 AM org.apache.catalina.startup.VersionLoggerListener log
INFO: Command line argument: -Djava.io.tmpdir=/home/deepikamarathi493/test1/apache-tomcat-7.0.88/temp
Jun 07, 2018 7:50:59 AM org.apache.catalina.core.AprLifecycleListener lifecycleEvent
INFO: The APR based Apache Tomcat Native library which allows optimal performance in production environments was not found on the java.library.path: /usr/java/packages/lib/amd64:/usr/lib64:/lib64:/lib:/usr/lib
Jun 07, 2018 7:51:00 AM org.apache.coyote.AbstractProtocol init
INFO: Initializing ProtocolHandler ["http-bio-7777"]
Jun 07, 2018 7:51:00 AM org.apache.coyote.AbstractProtocol init
INFO: Initializing ProtocolHandler ["ajp-bio-8009"]
Jun 07, 2018 7:51:00 AM org.apache.catalina.startup.Catalina load
INFO: Initialization processed in 1103 ms
Jun 07, 2018 7:51:00 AM org.apache.catalina.core.StandardService startInternal
INFO: Starting service Catalina
Jun 07, 2018 7:51:00 AM org.apache.catalina.core.StandardEngine startInternal
INFO: Starting Servlet Engine: Apache Tomcat/7.0.88
Jun 07, 2018 7:51:00 AM org.apache.catalina.startup.HostConfig deployDirectory
INFO: Deploying web application directory /home/deepikamarathi493/test1/apache-tomcat-7.0.88/webapps/ROOT
Jun 07, 2018 7:51:00 AM org.apache.catalina.startup.HostConfig deployDirectory
INFO: Deployment of web application directory /home/deepikamarathi493/test1/apache-tomcat-7.0.88/webapps/ROOT has finished in 608 ms
Jun 07, 2018 7:51:00 AM org.apache.catalina.startup.HostConfig deployDirectory
INFO: Deploying web application directory /home/deepikamarathi493/test1/apache-tomcat-7.0.88/webapps/docs
Jun 07, 2018 7:51:00 AM org.apache.catalina.startup.HostConfig deployDirectory
INFO: Deployment of web application directory /home/deepikamarathi493/test1/apache-tomcat-7.0.88/webapps/docs has finished in 139 ms
Jun 07, 2018 7:51:00 AM org.apache.catalina.startup.HostConfig deployDirectory
INFO: Deploying web application directory /home/deepikamarathi493/test1/apache-tomcat-7.0.88/webapps/examples
Jun 07, 2018 7:51:01 AM org.apache.catalina.startup.HostConfig deployDirectory
INFO: Deployment of web application directory /home/deepikamarathi493/test1/apache-tomcat-7.0.88/webapps/examples has finished in 834 ms
Jun 07, 2018 7:51:01 AM org.apache.catalina.startup.HostConfig deployDirectory
INFO: Deploying web application directory /home/deepikamarathi493/test1/apache-tomcat-7.0.88/webapps/host-manager
Jun 07, 2018 7:51:02 AM org.apache.catalina.startup.HostConfig deployDirectory
INFO: Deployment of web application directory /home/deepikamarathi493/test1/apache-tomcat-7.0.88/webapps/host-manager has finished in 372 ms
Jun 07, 2018 7:51:02 AM org.apache.catalina.startup.HostConfig deployDirectory
INFO: Deploying web application directory /home/deepikamarathi493/test1/apache-tomcat-7.0.88/webapps/manager
Jun 07, 2018 7:51:02 AM org.apache.catalina.startup.HostConfig deployDirectory
INFO: Deployment of web application directory /home/deepikamarathi493/test1/apache-tomcat-7.0.88/webapps/manager has finished in 82 ms
Jun 07, 2018 7:51:02 AM org.apache.coyote.AbstractProtocol start
INFO: Starting ProtocolHandler ["http-bio-7777"]
Jun 07, 2018 7:51:02 AM org.apache.coyote.AbstractProtocol start
INFO: Starting ProtocolHandler ["ajp-bio-8009"]
Jun 07, 2018 7:51:02 AM org.apache.catalina.startup.Catalina start
INFO: Server startup in 2292 ms
Jun 07, 2018 9:41:50 AM org.apache.catalina.startup.HostConfig deployWAR
INFO: Deploying web application archive /home/deepikamarathi493/test1/apache-tomcat-7.0.88/webapps/test.war
Jun 07, 2018 9:41:50 AM org.apache.catalina.startup.HostConfig deployWAR
INFO: Deployment of web application archive /home/deepikamarathi493/test1/apache-tomcat-7.0.88/webapps/test.war has finished in 98 ms
Jun 07, 2018 9:41:51 AM org.apache.catalina.startup.HostConfig undeploy
INFO: Undeploying context [/test]
Jun 07, 2018 9:41:51 AM org.apache.catalina.startup.HostConfig deployWAR
INFO: Deploying web application archive /home/deepikamarathi493/test1/apache-tomcat-7.0.88/webapps/test.war
Jun 07, 2018 9:41:51 AM org.apache.catalina.startup.HostConfig deployWAR
INFO: Deployment of web application archive /home/deepikamarathi493/test1/apache-tomcat-7.0.88/webapps/test.war has finished in 75 ms
Jun 07, 2018 9:41:56 AM org.apache.catalina.startup.HostConfig undeploy
INFO: Undeploying context [/test]
Jun 07, 2018 9:41:56 AM org.apache.catalina.startup.HostConfig deployWAR
INFO: Deploying web application archive /home/deepikamarathi493/test1/apache-tomcat-7.0.88/webapps/test.war
Jun 07, 2018 9:41:56 AM org.apache.catalina.startup.HostConfig deployWAR
INFO: Deployment of web application archive /home/deepikamarathi493/test1/apache-tomcat-7.0.88/webapps/test.war has finished in 80 ms
Jun 07, 2018 9:41:57 AM org.apache.catalina.startup.HostConfig undeploy
INFO: Undeploying context [/test]
Jun 07, 2018 9:41:57 AM org.apache.catalina.startup.HostConfig deployWAR
INFO: Deploying web application archive /home/deepikamarathi493/test1/apache-tomcat-7.0.88/webapps/test.war
Jun 07, 2018 9:41:57 AM org.apache.catalina.startup.HostConfig deployWAR
INFO: Deployment of web application archive /home/deepikamarathi493/test1/apache-tomcat-7.0.88/webapps/test.war has finished in 57 ms
Jun 07, 2018 9:49:43 AM org.apache.catalina.startup.HostConfig undeploy
INFO: Undeploying context [/test]
Jun 07, 2018 9:49:43 AM org.apache.catalina.startup.HostConfig deployWAR
INFO: Deploying web application archive /home/deepikamarathi493/test1/apache-tomcat-7.0.88/webapps/test.war
Jun 07, 2018 9:49:43 AM org.apache.catalina.startup.HostConfig deployWAR
INFO: Deployment of web application archive /home/deepikamarathi493/test1/apache-tomcat-7.0.88/webapps/test.war has finished in 84 ms
Jun 07, 2018 9:49:44 AM org.apache.catalina.startup.HostConfig undeploy
INFO: Undeploying context [/test]
Jun 07, 2018 9:49:44 AM org.apache.catalina.startup.HostConfig deployWAR
INFO: Deploying web application archive /home/deepikamarathi493/test1/apache-tomcat-7.0.88/webapps/test.war
Jun 07, 2018 9:49:44 AM org.apache.catalina.startup.HostConfig deployWAR
INFO: Deployment of web application archive /home/deepikamarathi493/test1/apache-tomcat-7.0.88/webapps/test.war has finished in 75 ms
Jun 07, 2018 9:50:17 AM org.apache.catalina.startup.HostConfig undeploy
INFO: Undeploying context [/test]
Jun 07, 2018 9:50:17 AM org.apache.catalina.startup.HostConfig deployWAR
INFO: Deploying web application archive /home/deepikamarathi493/test1/apache-tomcat-7.0.88/webapps/test.war
Jun 07, 2018 9:50:17 AM org.apache.catalina.startup.HostConfig deployWAR
INFO: Deployment of web application archive /home/deepikamarathi493/test1/apache-tomcat-7.0.88/webapps/test.war has finished in 55 ms
Jun 07, 2018 9:50:18 AM org.apache.catalina.startup.HostConfig undeploy
INFO: Undeploying context [/test]
Jun 07, 2018 9:50:18 AM org.apache.catalina.startup.HostConfig deployWAR
INFO: Deploying web application archive /home/deepikamarathi493/test1/apache-tomcat-7.0.88/webapps/test.war
Jun 07, 2018 9:50:18 AM org.apache.catalina.startup.HostConfig deployWAR
INFO: Deployment of web application archive /home/deepikamarathi493/test1/apache-tomcat-7.0.88/webapps/test.war has finished in 74 ms
